info it worked if it ends with ok
verbose cli [ 'node', '/usr/local/bin/npm', 'publish', '--force' ]
info using npm@1.0.103
info using node@v0.4.12
verbose config file /Users/craig/.npmrc
verbose config file /usr/local/etc/npmrc
verbose config file /usr/local/lib/node_modules/npm/npmrc
verbose publish [ '.' ]
silly testEngine { name: 'sysalert',
silly testEngine   description: 'system watcher',
silly testEngine   version: '0.0.2',
silly testEngine   author: { name: 'Craig Condon' },
silly testEngine   repository: 
silly testEngine    { type: 'git',
silly testEngine      url: 'git://github.com/spiceapps/sysalert.git' },
silly testEngine   directories: { lib: './lib' },
silly testEngine   dependencies: 
silly testEngine    { 'bean.http': '*',
silly testEngine      beanpole: '*',
silly testEngine      Structr: '*',
silly testEngine      vine: '*',
silly testEngine      ini: '*',
silly testEngine      twilio2: '*',
silly testEngine      express: '*',
silly testEngine      mailgun: '*',
silly testEngine      colors: '*' },
silly testEngine   beans: 
silly testEngine    { 'http.gateway': true,
silly testEngine      'http.server': true,
silly testEngine      'http.middleware': true },
silly testEngine   main: './lib/index.js',
silly testEngine   _npmUser: { name: 'architectd', email: 'craig@spiceapps.com' },
silly testEngine   _id: 'sysalert@0.0.2',
silly testEngine   devDependencies: {},
silly testEngine   engines: { node: '*' },
silly testEngine   _engineSupported: true,
silly testEngine   _npmVersion: '1.0.103',
silly testEngine   _nodeVersion: 'v0.4.12',
silly testEngine   _defaultsLoaded: true,
silly testEngine   scripts: {} }
verbose caching /Users/craig/Dropbox/Developer/Public/sysalert/package.json
verbose loadDefaults sysalert@0.0.2
info prepublish sysalert@0.0.2
verbose cache add [ '.', null ]
silly cache add: name, spec, args [ undefined, '.', [ '.', null ] ]
verbose parsed url { pathname: '.', href: '.' }
silly testEngine { name: 'sysalert',
silly testEngine   description: 'system watcher',
silly testEngine   version: '0.0.2',
silly testEngine   author: { name: 'Craig Condon' },
silly testEngine   repository: 
silly testEngine    { type: 'git',
silly testEngine      url: 'git://github.com/spiceapps/sysalert.git' },
silly testEngine   directories: { lib: './lib' },
silly testEngine   dependencies: 
silly testEngine    { 'bean.http': '*',
silly testEngine      beanpole: '*',
silly testEngine      Structr: '*',
silly testEngine      vine: '*',
silly testEngine      ini: '*',
silly testEngine      twilio2: '*',
silly testEngine      express: '*',
silly testEngine      mailgun: '*',
silly testEngine      colors: '*' },
silly testEngine   beans: 
silly testEngine    { 'http.gateway': true,
silly testEngine      'http.server': true,
silly testEngine      'http.middleware': true },
silly testEngine   main: './lib/index.js',
silly testEngine   _npmUser: { name: 'architectd', email: 'craig@spiceapps.com' },
silly testEngine   _id: 'sysalert@0.0.2',
silly testEngine   devDependencies: {},
silly testEngine   engines: { node: '*' },
silly testEngine   _engineSupported: true,
silly testEngine   _npmVersion: '1.0.103',
silly testEngine   _nodeVersion: 'v0.4.12',
silly testEngine   _defaultsLoaded: true,
silly testEngine   path: '/Users/craig/Dropbox/Developer/Public/sysalert' }
verbose caching package.json
verbose loadDefaults sysalert@0.0.2
verbose pack /Users/craig/Dropbox/Developer/Public/sysalert /var/folders/n1/r96x64mx6jzcbzkbz1ddrw6r0000gn/T/npm-1320526983400/1320526983400-0.12244120379909873/tmp.tgz
verbose mkdir (expected) error ENOENT, No such file or directory '/var/folders/n1/r96x64mx6jzcbzkbz1ddrw6r0000gn/T/npm-1320526983400'
verbose mkdir (expected) error ENOENT, No such file or directory '/var/folders/n1/r96x64mx6jzcbzkbz1ddrw6r0000gn/T/npm-1320526983400/1320526983400-0.12244120379909873'
verbose mkdir done: /var/folders/n1/r96x64mx6jzcbzkbz1ddrw6r0000gn/T/npm-1320526983400/1320526983400-0.12244120379909873 755
verbose mkdir'ed /var/folders/n1/r96x64mx6jzcbzkbz1ddrw6r0000gn/T/npm-1320526983400/1320526983400-0.12244120379909873
verbose tar about to write tar and gzip it.
silly tar args [ '-czvf', '-', '-T', '-' ]
silly spawning [ 'tar',
silly spawning   [ '-czvf', '-', '-T', '-' ],
silly spawning   '/Users/craig/Dropbox/Developer/Public' ]
verbose mkdir (expected) error ENOENT, No such file or directory '/var/folders/n1/r96x64mx6jzcbzkbz1ddrw6r0000gn/T/npm-1320526983400/1320526983400-0.12244120379909873/contents'
verbose mkdir (expected) error ENOENT, No such file or directory '/var/folders/n1/r96x64mx6jzcbzkbz1ddrw6r0000gn/T/npm-1320526983400/1320526983400-0.12244120379909873/contents/___package.npm'
verbose mkdir done: /var/folders/n1/r96x64mx6jzcbzkbz1ddrw6r0000gn/T/npm-1320526983400/1320526983400-0.12244120379909873/contents/___package.npm 755
verbose unpack_ uid, gid [ undefined, undefined ]
verbose unpackTarget /var/folders/n1/r96x64mx6jzcbzkbz1ddrw6r0000gn/T/npm-1320526983400/1320526983400-0.12244120379909873/contents/package
silly gunzTarPerm modes [ '755', '644' ]
silly spawning [ 'tar',
silly spawning   [ '-zmvxpf',
silly spawning     '/var/folders/n1/r96x64mx6jzcbzkbz1ddrw6r0000gn/T/npm-1320526983400/1320526983400-0.12244120379909873/tmp.tgz',
silly spawning     '-o' ],
silly spawning   '/var/folders/n1/r96x64mx6jzcbzkbz1ddrw6r0000gn/T/npm-1320526983400/1320526983400-0.12244120379909873/contents/___package.npm' ]
silly tar err x sysalert/.cupboard
silly tar err x sysalert/.gitignore
silly tar err x sysalert/package.json
silly tar err x sysalert/README.md
silly tar err x sysalert/sysalert.tmproj
silly tar err x sysalert/lib/index.js
silly tar err x sysalert/lib/plugin.js
silly tar err x sysalert/lib/beans/sysalert.config/index.js
silly tar err x sysalert/lib/beans/sysalert.core/index.js
silly tar err x sysalert/lib/beans/sysalert.notify.core/index.js
silly tar err x sysalert/lib/beans/sysalert.notify.part.mailgun/index.js
silly tar err x sysalert/lib/beans/sysalert.notify.part.twilio/index.js
silly tar err x sysalert/lib/beans/sysalert.source.alertbirds/index.js
silly asyncMap in gTP /var/folders/n1/r96x64mx6jzcbzkbz1ddrw6r0000gn/T/npm-1320526983400/1320526983400-0.12244120379909873/contents/___package.npm/sysalert
silly asyncMap in gTP /var/folders/n1/r96x64mx6jzcbzkbz1ddrw6r0000gn/T/npm-1320526983400/1320526983400-0.12244120379909873/contents/___package.npm/sysalert/.cupboard
silly asyncMap in gTP /var/folders/n1/r96x64mx6jzcbzkbz1ddrw6r0000gn/T/npm-1320526983400/1320526983400-0.12244120379909873/contents/___package.npm/sysalert/.gitignore
silly asyncMap in gTP /var/folders/n1/r96x64mx6jzcbzkbz1ddrw6r0000gn/T/npm-1320526983400/1320526983400-0.12244120379909873/contents/___package.npm/sysalert/package.json
silly asyncMap in gTP /var/folders/n1/r96x64mx6jzcbzkbz1ddrw6r0000gn/T/npm-1320526983400/1320526983400-0.12244120379909873/contents/___package.npm/sysalert/README.md
silly asyncMap in gTP /var/folders/n1/r96x64mx6jzcbzkbz1ddrw6r0000gn/T/npm-1320526983400/1320526983400-0.12244120379909873/contents/___package.npm/sysalert/sysalert.tmproj
silly asyncMap in gTP /var/folders/n1/r96x64mx6jzcbzkbz1ddrw6r0000gn/T/npm-1320526983400/1320526983400-0.12244120379909873/contents/___package.npm/sysalert/lib
silly asyncMap in gTP /var/folders/n1/r96x64mx6jzcbzkbz1ddrw6r0000gn/T/npm-1320526983400/1320526983400-0.12244120379909873/contents/___package.npm/sysalert/lib/index.js
silly asyncMap in gTP /var/folders/n1/r96x64mx6jzcbzkbz1ddrw6r0000gn/T/npm-1320526983400/1320526983400-0.12244120379909873/contents/___package.npm/sysalert/lib/plugin.js
silly asyncMap in gTP /var/folders/n1/r96x64mx6jzcbzkbz1ddrw6r0000gn/T/npm-1320526983400/1320526983400-0.12244120379909873/contents/___package.npm/sysalert/lib/beans
silly asyncMap in gTP /var/folders/n1/r96x64mx6jzcbzkbz1ddrw6r0000gn/T/npm-1320526983400/1320526983400-0.12244120379909873/contents/___package.npm/sysalert/lib/beans/sysalert.config
silly asyncMap in gTP /var/folders/n1/r96x64mx6jzcbzkbz1ddrw6r0000gn/T/npm-1320526983400/1320526983400-0.12244120379909873/contents/___package.npm/sysalert/lib/beans/sysalert.config/index.js
silly asyncMap in gTP /var/folders/n1/r96x64mx6jzcbzkbz1ddrw6r0000gn/T/npm-1320526983400/1320526983400-0.12244120379909873/contents/___package.npm/sysalert/lib/beans/sysalert.core
silly asyncMap in gTP /var/folders/n1/r96x64mx6jzcbzkbz1ddrw6r0000gn/T/npm-1320526983400/1320526983400-0.12244120379909873/contents/___package.npm/sysalert/lib/beans/sysalert.core/index.js
silly asyncMap in gTP /var/folders/n1/r96x64mx6jzcbzkbz1ddrw6r0000gn/T/npm-1320526983400/1320526983400-0.12244120379909873/contents/___package.npm/sysalert/lib/beans/sysalert.notify.core
silly asyncMap in gTP /var/folders/n1/r96x64mx6jzcbzkbz1ddrw6r0000gn/T/npm-1320526983400/1320526983400-0.12244120379909873/contents/___package.npm/sysalert/lib/beans/sysalert.notify.core/index.js
silly asyncMap in gTP /var/folders/n1/r96x64mx6jzcbzkbz1ddrw6r0000gn/T/npm-1320526983400/1320526983400-0.12244120379909873/contents/___package.npm/sysalert/lib/beans/sysalert.notify.part.mailgun
silly asyncMap in gTP /var/folders/n1/r96x64mx6jzcbzkbz1ddrw6r0000gn/T/npm-1320526983400/1320526983400-0.12244120379909873/contents/___package.npm/sysalert/lib/beans/sysalert.notify.part.mailgun/index.js
silly asyncMap in gTP /var/folders/n1/r96x64mx6jzcbzkbz1ddrw6r0000gn/T/npm-1320526983400/1320526983400-0.12244120379909873/contents/___package.npm/sysalert/lib/beans/sysalert.notify.part.twilio
silly asyncMap in gTP /var/folders/n1/r96x64mx6jzcbzkbz1ddrw6r0000gn/T/npm-1320526983400/1320526983400-0.12244120379909873/contents/___package.npm/sysalert/lib/beans/sysalert.notify.part.twilio/index.js
silly asyncMap in gTP /var/folders/n1/r96x64mx6jzcbzkbz1ddrw6r0000gn/T/npm-1320526983400/1320526983400-0.12244120379909873/contents/___package.npm/sysalert/lib/beans/sysalert.source.alertbirds
silly asyncMap in gTP /var/folders/n1/r96x64mx6jzcbzkbz1ddrw6r0000gn/T/npm-1320526983400/1320526983400-0.12244120379909873/contents/___package.npm/sysalert/lib/beans/sysalert.source.alertbirds/index.js
verbose gunzed /var/folders/n1/r96x64mx6jzcbzkbz1ddrw6r0000gn/T/npm-1320526983400/1320526983400-0.12244120379909873/contents/___package.npm/sysalert
verbose rm'ed /var/folders/n1/r96x64mx6jzcbzkbz1ddrw6r0000gn/T/npm-1320526983400/1320526983400-0.12244120379909873/contents/package
verbose renamed [ '/var/folders/n1/r96x64mx6jzcbzkbz1ddrw6r0000gn/T/npm-1320526983400/1320526983400-0.12244120379909873/contents/___package.npm/sysalert',
verbose renamed   '/var/folders/n1/r96x64mx6jzcbzkbz1ddrw6r0000gn/T/npm-1320526983400/1320526983400-0.12244120379909873/contents/package' ]
silly testEngine { name: 'sysalert',
silly testEngine   description: 'system watcher',
silly testEngine   version: '0.0.2',
silly testEngine   author: { name: 'Craig Condon' },
silly testEngine   repository: 
silly testEngine    { type: 'git',
silly testEngine      url: 'git://github.com/spiceapps/sysalert.git' },
silly testEngine   directories: { lib: './lib' },
silly testEngine   dependencies: 
silly testEngine    { 'bean.http': '*',
silly testEngine      beanpole: '*',
silly testEngine      Structr: '*',
silly testEngine      vine: '*',
silly testEngine      ini: '*',
silly testEngine      twilio2: '*',
silly testEngine      express: '*',
silly testEngine      mailgun: '*',
silly testEngine      colors: '*' },
silly testEngine   beans: 
silly testEngine    { 'http.gateway': true,
silly testEngine      'http.server': true,
silly testEngine      'http.middleware': true },
silly testEngine   main: './lib/index.js',
silly testEngine   _npmUser: { name: 'architectd', email: 'craig@spiceapps.com' },
silly testEngine   _id: 'sysalert@0.0.2',
silly testEngine   devDependencies: {},
silly testEngine   engines: { node: '*' },
silly testEngine   _engineSupported: true,
silly testEngine   _npmVersion: '1.0.103',
silly testEngine   _nodeVersion: 'v0.4.12',
silly testEngine   _defaultsLoaded: true,
silly testEngine   path: '/var/folders/n1/r96x64mx6jzcbzkbz1ddrw6r0000gn/T/npm-1320526983400/1320526983400-0.12244120379909873/contents/package' }
verbose caching /var/folders/n1/r96x64mx6jzcbzkbz1ddrw6r0000gn/T/npm-1320526983400/1320526983400-0.12244120379909873/contents/package/package.json
verbose loadDefaults sysalert@0.0.2
verbose tarball contents [ 'package' ]
verbose from cache /var/folders/n1/r96x64mx6jzcbzkbz1ddrw6r0000gn/T/npm-1320526983400/1320526983400-0.12244120379909873/contents/package/package.json
verbose pack /var/folders/n1/r96x64mx6jzcbzkbz1ddrw6r0000gn/T/npm-1320526983400/1320526983400-0.12244120379909873/contents/package /Users/craig/.npm/sysalert/0.0.2/package.tgz
verbose mkdir'ed /Users/craig/.npm/sysalert/0.0.2
verbose tar about to write tar and gzip it.
silly tar args [ '-czvf', '-', '-T', '-' ]
silly spawning [ 'tar',
silly spawning   [ '-czvf', '-', '-T', '-' ],
silly spawning   '/var/folders/n1/r96x64mx6jzcbzkbz1ddrw6r0000gn/T/npm-1320526983400/1320526983400-0.12244120379909873/contents' ]
verbose mkdir (expected) error ENOENT, No such file or directory '/Users/craig/.npm/sysalert/0.0.2/___package.npm'
verbose mkdir done: /Users/craig/.npm/sysalert/0.0.2/___package.npm 755
verbose unpack_ uid, gid [ undefined, undefined ]
verbose unpackTarget /Users/craig/.npm/sysalert/0.0.2/package
silly gunzTarPerm modes [ '755', '644' ]
silly spawning [ 'tar',
silly spawning   [ '-zmvxpf',
silly spawning     '/Users/craig/.npm/sysalert/0.0.2/package.tgz',
silly spawning     '-o' ],
silly spawning   '/Users/craig/.npm/sysalert/0.0.2/___package.npm' ]
silly tar err x package/.cupboard
silly tar err x package/.gitignore
silly tar err x package/package.json
silly tar err x package/README.md
silly tar err x package/sysalert.tmproj
silly tar err x package/lib/index.js
silly tar err x package/lib/plugin.js
silly tar err x package/lib/beans/sysalert.config/index.js
silly tar err x package/lib/beans/sysalert.core/index.js
silly tar err x package/lib/beans/sysalert.notify.core/index.js
silly tar err x package/lib/beans/sysalert.notify.part.mailgun/index.js
silly tar err x package/lib/beans/sysalert.notify.part.twilio/index.js
silly tar err x package/lib/beans/sysalert.source.alertbirds/index.js
silly asyncMap in gTP /Users/craig/.npm/sysalert/0.0.2/___package.npm/package
silly asyncMap in gTP /Users/craig/.npm/sysalert/0.0.2/___package.npm/package/.cupboard
silly asyncMap in gTP /Users/craig/.npm/sysalert/0.0.2/___package.npm/package/.gitignore
silly asyncMap in gTP /Users/craig/.npm/sysalert/0.0.2/___package.npm/package/package.json
silly asyncMap in gTP /Users/craig/.npm/sysalert/0.0.2/___package.npm/package/README.md
silly asyncMap in gTP /Users/craig/.npm/sysalert/0.0.2/___package.npm/package/sysalert.tmproj
silly asyncMap in gTP /Users/craig/.npm/sysalert/0.0.2/___package.npm/package/lib
silly asyncMap in gTP /Users/craig/.npm/sysalert/0.0.2/___package.npm/package/lib/index.js
silly asyncMap in gTP /Users/craig/.npm/sysalert/0.0.2/___package.npm/package/lib/plugin.js
silly asyncMap in gTP /Users/craig/.npm/sysalert/0.0.2/___package.npm/package/lib/beans
silly asyncMap in gTP /Users/craig/.npm/sysalert/0.0.2/___package.npm/package/lib/beans/sysalert.config
silly asyncMap in gTP /Users/craig/.npm/sysalert/0.0.2/___package.npm/package/lib/beans/sysalert.config/index.js
silly asyncMap in gTP /Users/craig/.npm/sysalert/0.0.2/___package.npm/package/lib/beans/sysalert.notify.core
silly asyncMap in gTP /Users/craig/.npm/sysalert/0.0.2/___package.npm/package/lib/beans/sysalert.notify.core/index.js
silly asyncMap in gTP /Users/craig/.npm/sysalert/0.0.2/___package.npm/package/lib/beans/sysalert.notify.part.twilio
silly asyncMap in gTP /Users/craig/.npm/sysalert/0.0.2/___package.npm/package/lib/beans/sysalert.notify.part.twilio/index.js
silly asyncMap in gTP /Users/craig/.npm/sysalert/0.0.2/___package.npm/package/lib/beans/sysalert.source.alertbirds
silly asyncMap in gTP /Users/craig/.npm/sysalert/0.0.2/___package.npm/package/lib/beans/sysalert.source.alertbirds/index.js
silly asyncMap in gTP /Users/craig/.npm/sysalert/0.0.2/___package.npm/package/lib/beans/sysalert.notify.part.mailgun
silly asyncMap in gTP /Users/craig/.npm/sysalert/0.0.2/___package.npm/package/lib/beans/sysalert.notify.part.mailgun/index.js
silly asyncMap in gTP /Users/craig/.npm/sysalert/0.0.2/___package.npm/package/lib/beans/sysalert.core
silly asyncMap in gTP /Users/craig/.npm/sysalert/0.0.2/___package.npm/package/lib/beans/sysalert.core/index.js
verbose gunzed /Users/craig/.npm/sysalert/0.0.2/___package.npm/package
verbose rm'ed /Users/craig/.npm/sysalert/0.0.2/package
verbose renamed [ '/Users/craig/.npm/sysalert/0.0.2/___package.npm/package',
verbose renamed   '/Users/craig/.npm/sysalert/0.0.2/package' ]
silly testEngine { name: 'sysalert',
silly testEngine   description: 'system watcher',
silly testEngine   version: '0.0.2',
silly testEngine   author: { name: 'Craig Condon' },
silly testEngine   repository: 
silly testEngine    { type: 'git',
silly testEngine      url: 'git://github.com/spiceapps/sysalert.git' },
silly testEngine   directories: { lib: './lib' },
silly testEngine   dependencies: 
silly testEngine    { 'bean.http': '*',
silly testEngine      beanpole: '*',
silly testEngine      Structr: '*',
silly testEngine      vine: '*',
silly testEngine      ini: '*',
silly testEngine      twilio2: '*',
silly testEngine      express: '*',
silly testEngine      mailgun: '*',
silly testEngine      colors: '*' },
silly testEngine   beans: 
silly testEngine    { 'http.gateway': true,
silly testEngine      'http.server': true,
silly testEngine      'http.middleware': true },
silly testEngine   main: './lib/index.js',
silly testEngine   _npmUser: { name: 'architectd', email: 'craig@spiceapps.com' },
silly testEngine   _id: 'sysalert@0.0.2',
silly testEngine   devDependencies: {},
silly testEngine   engines: { node: '*' },
silly testEngine   _engineSupported: true,
silly testEngine   _npmVersion: '1.0.103',
silly testEngine   _nodeVersion: 'v0.4.12',
silly testEngine   _defaultsLoaded: true,
silly testEngine   dist: 
silly testEngine    { shasum: 'cb558443e6d4eb1b7b0420ac21f115a46577967c',
silly testEngine      tarball: 'http://registry.npmjs.org/sysalert/-/sysalert-0.0.2.tgz' } }
verbose caching /Users/craig/.npm/sysalert/0.0.2/package/package.json
verbose loadDefaults sysalert@0.0.2
silly updated sha bytes 10240
info shasum cb558443e6d4eb1b7b0420ac21f115a46577967c
info shasum /Users/craig/.npm/sysalert/0.0.2/package.tgz
verbose from cache /Users/craig/.npm/sysalert/0.0.2/package/package.json
verbose chmod /Users/craig/.npm/sysalert/0.0.2/package.tgz 644
verbose chown [ '/Users/craig/.npm/sysalert/0.0.2/package.tgz',
verbose chown   501,
verbose chown   20 ]
silly publish { name: 'sysalert',
silly publish   description: 'system watcher',
silly publish   version: '0.0.2',
silly publish   author: { name: 'Craig Condon' },
silly publish   repository: 
silly publish    { type: 'git',
silly publish      url: 'git://github.com/spiceapps/sysalert.git' },
silly publish   directories: { lib: './lib' },
silly publish   dependencies: 
silly publish    { 'bean.http': '*',
silly publish      beanpole: '*',
silly publish      Structr: '*',
silly publish      vine: '*',
silly publish      ini: '*',
silly publish      twilio2: '*',
silly publish      express: '*',
silly publish      mailgun: '*',
silly publish      colors: '*' },
silly publish   beans: 
silly publish    { 'http.gateway': true,
silly publish      'http.server': true,
silly publish      'http.middleware': true },
silly publish   main: './lib/index.js',
silly publish   _npmUser: { name: 'architectd', email: 'craig@spiceapps.com' },
silly publish   _id: 'sysalert@0.0.2',
silly publish   devDependencies: {},
silly publish   engines: { node: '*' },
silly publish   _engineSupported: true,
silly publish   _npmVersion: '1.0.103',
silly publish   _nodeVersion: 'v0.4.12',
silly publish   _defaultsLoaded: true,
silly publish   dist: 
silly publish    { shasum: 'cb558443e6d4eb1b7b0420ac21f115a46577967c',
silly publish      tarball: 'http://registry.npmjs.org/sysalert/-/sysalert-0.0.2.tgz' } }
verbose PUT sysalert
verbose raw, before any munging sysalert
verbose url resolving [ 'https://registry.npmjs.org/', './sysalert' ]
verbose url resolved https://registry.npmjs.org/sysalert
verbose GET sysalert
verbose raw, before any munging sysalert
verbose url resolving [ 'https://registry.npmjs.org/', './sysalert' ]
verbose url resolved https://registry.npmjs.org/sysalert
verbose PUT sysalert/0.0.2/-tag/latest
verbose raw, before any munging sysalert/0.0.2/-tag/latest
verbose url resolving [ 'https://registry.npmjs.org/',
verbose url resolving   './sysalert/0.0.2/-tag/latest' ]
verbose url resolved https://registry.npmjs.org/sysalert/0.0.2/-tag/latest
ERR! Error sending version data
ERR! Error: forbidden _npmUser must be a current maintainer.
ERR! maintainers=[{"name":"architectd","email":"craig.j.condon@gmail.com"}]
ERR! current user={"name":"architectd","email":"craig.j.condon@gmail.com"}: sysalert/0.0.2/-tag/latest
ERR!     at Request.callback (/usr/local/lib/node_modules/npm/lib/utils/npm-registry-client/request.js:181:12)
ERR!     at Request.<anonymous> (/usr/local/lib/node_modules/npm/node_modules/request/main.js:346:18)
ERR!     at Request.emit (events.js:64:17)
ERR!     at IncomingMessage.<anonymous> (/usr/local/lib/node_modules/npm/node_modules/request/main.js:314:16)
ERR!     at IncomingMessage.emit (events.js:81:20)
ERR!     at HTTPParser.onMessageComplete (http.js:133:23)
ERR!     at CleartextStream.ondata (http.js:1231:22)
ERR!     at CleartextStream._push (tls.js:303:27)
ERR!     at SecurePair.cycle (tls.js:577:20)
ERR!     at EncryptedStream.write (tls.js:96:13)
ERR! Report this *entire* log at:
ERR!     <http://github.com/isaacs/npm/issues>
ERR! or email it to:
ERR!     <npm-@googlegroups.com>
ERR! 
ERR! System Darwin 11.2.0
ERR! command "node" "/usr/local/bin/npm" "publish" "--force"
ERR! cwd /Users/craig/Dropbox/Developer/Public/sysalert
ERR! node -v v0.4.12
ERR! npm -v 1.0.103
verbose exit [ 1, true ]
